0 verbose cli C:\Program Files\nodejs\node.exe C:\Users\Lenovo\AppData\Roaming\npm\node_modules\npm\bin\npm-cli.js
1 info using npm@10.8.2
2 info using node@v20.15.1
3 silly config load:file:C:\Users\Lenovo\AppData\Roaming\npm\node_modules\npm\npmrc
4 silly config load:file:C:\office work\policy_bazar_New\.npmrc
5 silly config load:file:C:\Users\Lenovo\.npmrc
6 silly config load:file:C:\Users\Lenovo\AppData\Roaming\npm\etc\npmrc
7 verbose title npm run build
8 verbose argv "run" "build"
9 verbose logfile logs-max:10 dir:C:\office work\policy_bazar_New\UsersLenovoAppDataLocalnpm-cache\_logs\2024-08-16T07_46_20_949Z-
10 verbose logfile C:\office work\policy_bazar_New\UsersLenovoAppDataLocalnpm-cache\_logs\2024-08-16T07_46_20_949Z-debug-0.log
11 silly logfile done cleaning log files
12 verbose stack Error: Could not read package.json: Error: ENOENT: no such file or directory, open 'C:\office work\policy_bazar_New\package.json'
12 verbose stack     at async open (node:internal/fs/promises:639:25)
12 verbose stack     at async readFile (node:internal/fs/promises:1249:14)
12 verbose stack     at async read (C:\Users\Lenovo\AppData\Roaming\npm\node_modules\npm\node_modules\@npmcli\package-json\lib\read-package.js:9:18)
12 verbose stack     at async PackageJson.load (C:\Users\Lenovo\AppData\Roaming\npm\node_modules\npm\node_modules\@npmcli\package-json\lib\index.js:130:31)
12 verbose stack     at async PackageJson.normalize (C:\Users\Lenovo\AppData\Roaming\npm\node_modules\npm\node_modules\@npmcli\package-json\lib\index.js:116:5)
12 verbose stack     at async #run (C:\Users\Lenovo\AppData\Roaming\npm\node_modules\npm\lib\commands\run-script.js:85:13)
12 verbose stack     at async RunScript.exec (C:\Users\Lenovo\AppData\Roaming\npm\node_modules\npm\lib\commands\run-script.js:39:7)
12 verbose stack     at async Npm.exec (C:\Users\Lenovo\AppData\Roaming\npm\node_modules\npm\lib\npm.js:207:9)
12 verbose stack     at async module.exports (C:\Users\Lenovo\AppData\Roaming\npm\node_modules\npm\lib\cli\entry.js:74:5)
13 error code ENOENT
14 error syscall open
15 error path C:\office work\policy_bazar_New\package.json
16 error errno -4058
17 error enoent Could not read package.json: Error: ENOENT: no such file or directory, open 'C:\office work\policy_bazar_New\package.json'
18 error enoent This is related to npm not being able to find a file.
18 error enoent
19 verbose cwd C:\office work\policy_bazar_New
20 verbose os Windows_NT 10.0.22631
21 verbose node v20.15.1
22 verbose npm  v10.8.2
23 verbose exit -4058
24 verbose code -4058
25 error A complete log of this run can be found in: C:\office work\policy_bazar_New\UsersLenovoAppDataLocalnpm-cache\_logs\2024-08-16T07_46_20_949Z-debug-0.log
